#! /usr/share/iverilog-0.9.7/bin/vvp
:ivl_version "0.9.7 " "(v0_9_6)";
:vpi_time_precision + 0;
:vpi_module "system";
:vpi_module "v2005_math";
:vpi_module "va_math";
S_0x1affec0 .scope module, "tb" "tb" 2 1;
 .timescale 0 0;
v0x1b17370_0 .var "addr", 7 0;
v0x1b17440_0 .var "clk", 0 0;
v0x1b174f0_0 .net "out", 7 0, v0x1b16ec0_0; 1 drivers
v0x1b175a0_0 .var "rst", 0 0;
S_0x1afffb0 .scope module, "c1" "cache" 2 7, 3 2, S_0x1affec0;
 .timescale 0 0;
v0x1b000a0 .array "RAM", 255 0, 7 0;
v0x1aeb980_0 .net "addr", 7 0, v0x1b17370_0; 1 drivers
v0x1b16bb0_0 .net "clk", 0 0, v0x1b17440_0; 1 drivers
v0x1b16c50 .array "data_mem", 7 0, 7 0;
v0x1b16d00_0 .var/i "i", 31 0;
v0x1b16d80 .array "last_used", 3 0, 0 0;
v0x1b16ec0_0 .var "op", 7 0;
v0x1b16f60_0 .alias "out", 7 0, v0x1b174f0_0;
v0x1b17050_0 .net "rst", 0 0, v0x1b175a0_0; 1 drivers
v0x1b170f0 .array "tag", 7 0, 5 0;
v0x1b172d0_0 .var "valid", 0 7;
E_0x1ad4a20 .event posedge, v0x1b16bb0_0;
E_0x1aea0d0 .event edge, v0x1b17050_0, v0x1b16d00_0;
    .scope S_0x1afffb0;
T_0 ;
    %vpi_call 3 21 "$dumpfile", "dump.vcd";
    %vpi_call 3 22 "$dumpvars", 2'sb01, S_0x1afffb0;
    %end;
    .thread T_0;
    .scope S_0x1afffb0;
T_1 ;
    %set/v v0x1b16d00_0, 0, 32;
T_1.0 ;
    %load/v 8, v0x1b16d00_0, 32;
   %cmpi/s 8, 256, 32;
    %jmp/0xz T_1.1, 5;
    %load/v 8, v0x1b16d00_0, 32;
    %ix/getv/s 3, v0x1b16d00_0;
   %jmp/1 t_0, 4;
   %ix/load 1, 0, 0;
   %set/av v0x1b000a0, 8, 8;
t_0 ;
    %ix/load 0, 1, 0;
    %load/vp0/s 8, v0x1b16d00_0, 32;
    %set/v v0x1b16d00_0, 8, 32;
    %jmp T_1.0;
T_1.1 ;
    %end;
    .thread T_1;
    .scope S_0x1afffb0;
T_2 ;
    %set/v v0x1b16d00_0, 0, 32;
T_2.0 ;
    %load/v 8, v0x1b16d00_0, 32;
   %cmpi/s 8, 8, 32;
    %jmp/0xz T_2.1, 5;
    %load/v 8, v0x1b16d00_0, 32;
    %movi 40, 2, 32;
    %div/s 8, 40, 32;
    %ix/get/s 3, 8, 32;
   %jmp/1 t_1, 4;
   %ix/load 1, 0, 0;
   %set/av v0x1b16d80, 1, 1;
t_1 ;
    %ix/getv/s 3, v0x1b16d00_0;
   %jmp/1 t_2, 4;
   %ix/load 1, 0, 0;
   %set/av v0x1b170f0, 0, 6;
t_2 ;
    %ix/load 0, 1, 0;
    %load/vp0/s 8, v0x1b16d00_0, 32;
    %set/v v0x1b16d00_0, 8, 32;
    %jmp T_2.0;
T_2.1 ;
    %set/v v0x1b172d0_0, 0, 8;
    %set/v v0x1b16ec0_0, 0, 8;
    %end;
    .thread T_2;
    .scope S_0x1afffb0;
T_3 ;
    %wait E_0x1aea0d0;
    %load/v 8, v0x1b17050_0, 1;
    %mov 9, 0, 1;
    %cmpi/u 8, 0, 2;
    %jmp/0xz  T_3.0, 4;
    %set/v v0x1b16d00_0, 0, 32;
T_3.2 ;
    %load/v 8, v0x1b16d00_0, 32;
   %cmpi/s 8, 8, 32;
    %jmp/0xz T_3.3, 5;
    %load/v 8, v0x1b16d00_0, 32;
    %movi 40, 2, 32;
    %div/s 8, 40, 32;
    %ix/get/s 3, 8, 32;
   %jmp/1 t_3, 4;
   %ix/load 1, 0, 0;
   %set/av v0x1b16d80, 0, 1;
t_3 ;
    %ix/getv/s 3, v0x1b16d00_0;
   %jmp/1 t_4, 4;
   %ix/load 1, 0, 0;
   %set/av v0x1b170f0, 0, 6;
t_4 ;
    %ix/load 0, 1, 0;
    %load/vp0/s 8, v0x1b16d00_0, 32;
    %set/v v0x1b16d00_0, 8, 32;
    %jmp T_3.2;
T_3.3 ;
    %set/v v0x1b172d0_0, 0, 8;
    %set/v v0x1b16ec0_0, 0, 8;
T_3.0 ;
    %jmp T_3;
    .thread T_3, $push;
    .scope S_0x1afffb0;
T_4 ;
    %wait E_0x1ad4a20;
    %mov 14, 0, 1;
    %load/v 15, v0x1aeb980_0, 2; Select 2 out of 8 bits
    %ix/get 3, 14, 3;
    %load/av 8, v0x1b170f0, 6;
    %ix/load 1, 2, 0;
    %mov 4, 0, 1;
    %jmp/1 T_4.0, 4;
    %load/x1p 14, v0x1aeb980_0, 6;
    %jmp T_4.1;
T_4.0 ;
    %mov 14, 2, 6;
T_4.1 ;
; Save base=14 wid=6 in lookaside.
    %cmp/u 8, 14, 6;
    %mov 8, 4, 1;
    %movi 9, 7, 32;
    %mov 73, 0, 1;
    %load/v 74, v0x1aeb980_0, 2; Select 2 out of 8 bits
    %mov 41, 73, 3;
    %mov 44, 0, 1;
    %mov 45, 0, 28;
    %sub 9, 41, 32;
    %ix/get/s 1, 9, 32;
    %jmp/1 T_4.2, 4;
    %load/x1p 9, v0x1b172d0_0, 1;
    %jmp T_4.3;
T_4.2 ;
    %mov 9, 2, 1;
T_4.3 ;
; Save base=9 wid=1 in lookaside.
    %and 8, 9, 1;
    %jmp/0xz  T_4.4, 8;
    %mov 16, 0, 1;
    %load/v 17, v0x1aeb980_0, 2; Select 2 out of 8 bits
    %ix/get 3, 16, 3;
    %load/av 8, v0x1b16c50, 8;
    %set/v v0x1b16ec0_0, 8, 8;
    %load/v 8, v0x1aeb980_0, 2; Only need 2 of 8 bits
; Save base=8 wid=2 in lookaside.
    %ix/get 3, 8, 2;
   %jmp/1 t_5, 4;
   %ix/load 1, 0, 0;
   %set/av v0x1b16d80, 1, 1;
t_5 ;
    %jmp T_4.5;
T_4.4 ;
    %mov 14, 1, 1;
    %load/v 15, v0x1aeb980_0, 2; Select 2 out of 8 bits
    %ix/get 3, 14, 3;
    %load/av 8, v0x1b170f0, 6;
    %ix/load 1, 2, 0;
    %mov 4, 0, 1;
    %jmp/1 T_4.6, 4;
    %load/x1p 14, v0x1aeb980_0, 6;
    %jmp T_4.7;
T_4.6 ;
    %mov 14, 2, 6;
T_4.7 ;
; Save base=14 wid=6 in lookaside.
    %cmp/u 8, 14, 6;
    %mov 8, 4, 1;
    %movi 9, 7, 32;
    %mov 73, 1, 1;
    %load/v 74, v0x1aeb980_0, 2; Select 2 out of 8 bits
    %mov 41, 73, 3;
    %mov 44, 0, 1;
    %mov 45, 0, 28;
    %sub 9, 41, 32;
    %ix/get/s 1, 9, 32;
    %jmp/1 T_4.8, 4;
    %load/x1p 9, v0x1b172d0_0, 1;
    %jmp T_4.9;
T_4.8 ;
    %mov 9, 2, 1;
T_4.9 ;
; Save base=9 wid=1 in lookaside.
    %and 8, 9, 1;
    %jmp/0xz  T_4.10, 8;
    %mov 16, 1, 1;
    %load/v 17, v0x1aeb980_0, 2; Select 2 out of 8 bits
    %ix/get 3, 16, 3;
    %load/av 8, v0x1b16c50, 8;
    %set/v v0x1b16ec0_0, 8, 8;
    %load/v 8, v0x1aeb980_0, 2; Only need 2 of 8 bits
; Save base=8 wid=2 in lookaside.
    %ix/get 3, 8, 2;
   %jmp/1 t_6, 4;
   %ix/load 1, 0, 0;
   %set/av v0x1b16d80, 0, 1;
t_6 ;
    %jmp T_4.11;
T_4.10 ;
    %ix/getv 3, v0x1aeb980_0;
    %load/av 8, v0x1b000a0, 8;
    %load/v 19, v0x1aeb980_0, 2; Only need 2 of 8 bits
; Save base=19 wid=2 in lookaside.
    %ix/get 3, 19, 2;
    %load/av 16, v0x1b16d80, 1;
    %load/v 17, v0x1aeb980_0, 2; Select 2 out of 8 bits
    %ix/get 3, 16, 3;
   %jmp/1 t_7, 4;
   %ix/load 1, 0, 0;
   %set/av v0x1b16c50, 8, 8;
t_7 ;
    %ix/getv 3, v0x1aeb980_0;
    %load/av 8, v0x1b000a0, 8;
    %set/v v0x1b16ec0_0, 8, 8;
    %ix/load 1, 2, 0;
    %mov 4, 0, 1;
    %jmp/1 T_4.12, 4;
    %load/x1p 8, v0x1aeb980_0, 6;
    %jmp T_4.13;
T_4.12 ;
    %mov 8, 2, 6;
T_4.13 ;
; Save base=8 wid=6 in lookaside.
    %load/v 17, v0x1aeb980_0, 2; Only need 2 of 8 bits
; Save base=17 wid=2 in lookaside.
    %ix/get 3, 17, 2;
    %load/av 14, v0x1b16d80, 1;
    %load/v 15, v0x1aeb980_0, 2; Select 2 out of 8 bits
    %ix/get 3, 14, 3;
   %jmp/1 t_8, 4;
   %ix/load 1, 0, 0;
   %set/av v0x1b170f0, 8, 6;
t_8 ;
    %movi 8, 7, 32;
    %load/v 75, v0x1aeb980_0, 2; Only need 2 of 8 bits
; Save base=75 wid=2 in lookaside.
    %ix/get 3, 75, 2;
    %load/av 72, v0x1b16d80, 1;
    %load/v 73, v0x1aeb980_0, 2; Select 2 out of 8 bits
    %mov 40, 72, 3;
    %mov 43, 0, 1;
    %mov 44, 0, 28;
    %sub 8, 40, 32;
    %ix/get/s 0, 8, 32;
    %jmp/1 t_9, 4;
    %set/x0 v0x1b172d0_0, 1, 1;
t_9 ;
    %load/v 9, v0x1aeb980_0, 2; Only need 2 of 8 bits
; Save base=9 wid=2 in lookaside.
    %ix/get 3, 9, 2;
    %load/av 8, v0x1b16d80, 1;
    %inv 8, 1;
    %load/v 9, v0x1aeb980_0, 2; Only need 2 of 8 bits
; Save base=9 wid=2 in lookaside.
    %ix/get 3, 9, 2;
   %jmp/1 t_10, 4;
   %ix/load 1, 0, 0;
   %set/av v0x1b16d80, 8, 1;
t_10 ;
T_4.11 ;
T_4.5 ;
    %jmp T_4;
    .thread T_4;
    .scope S_0x1affec0;
T_5 ;
    %delay 5, 0;
    %load/v 8, v0x1b17440_0, 1;
    %inv 8, 1;
    %set/v v0x1b17440_0, 8, 1;
    %jmp T_5;
    .thread T_5;
    .scope S_0x1affec0;
T_6 ;
    %set/v v0x1b17440_0, 0, 1;
    %set/v v0x1b175a0_0, 0, 1;
    %delay 50, 0;
    %set/v v0x1b175a0_0, 1, 1;
    %movi 8, 22, 8;
    %set/v v0x1b17370_0, 8, 8;
    %delay 20, 0;
    %movi 8, 24, 8;
    %set/v v0x1b17370_0, 8, 8;
    %delay 20, 0;
    %movi 8, 26, 8;
    %set/v v0x1b17370_0, 8, 8;
    %delay 20, 0;
    %movi 8, 22, 8;
    %set/v v0x1b17370_0, 8, 8;
    %delay 20, 0;
    %movi 8, 29, 8;
    %set/v v0x1b17370_0, 8, 8;
    %delay 20, 0;
    %movi 8, 30, 8;
    %set/v v0x1b17370_0, 8, 8;
    %delay 20, 0;
    %movi 8, 22, 8;
    %set/v v0x1b17370_0, 8, 8;
    %delay 20, 0;
    %vpi_call 2 43 "$finish";
    %end;
    .thread T_6;
# The file index is used to find the file name in the following table.
:file_names 4;
    "N/A";
    "<interactive>";
    "testbench.sv";
    "design.sv";
